2014-03-13 13:55:21 Switching to PID output.
2014-03-13 13:55:22 Pid_setpoint is now 2.268000
2014-03-13 13:55:22 pid_measure_mon is now 2.268342
2014-03-13 13:55:28 Manual output is now 0.619000
2014-03-13 13:55:28 Output_mon is now 0.619126
2014-03-13 13:55:28 Ramp goal reached. State switched to standby.
2014-03-13 13:57:44 Switching to PID output.
2014-03-13 13:57:46 Pid_setpoint is now 2.270000
2014-03-13 13:57:46 pid_measure_mon is now 2.270204
2014-03-13 13:58:11 Manual output is now -0.118000
2014-03-13 13:58:11 Output_mon is now -0.118295
2014-03-13 13:58:29 Ramp goal reached. State switched to standby.
2014-03-13 14:02:31 Switching to PID output.
2014-03-13 14:02:32 Pid_setpoint is now 2.273000
2014-03-13 14:02:32 pid_measure_mon is now 2.272535
2014-03-13 14:03:05 Manual output is now 0.015000
2014-03-13 14:03:05 Output_mon is now 0.014623
2014-03-13 14:03:05 Ramp goal reached. State switched to standby.
2014-03-13 14:04:36 Switching to PID output.
2014-03-13 14:04:38 Pid_setpoint is now 2.273000
2014-03-13 14:04:38 pid_measure_mon is now 2.272541
2014-03-13 14:05:44 Current too low to regulate. Ramping to zero current.
2014-03-13 14:05:47 Manual output is now 0.547000
2014-03-13 14:05:47 Output_mon is now 0.547191
2014-03-13 14:05:47 Ramp goal reached. State switched to standby.
2014-03-13 14:12:11 Ramp goal reached. State switched to dwell.
2014-03-13 14:17:07 Bridge overload status is 16.000000
2014-03-13 14:17:07 Bridge autorange gain is 0
2014-03-13 14:17:10 Bridge overload status is 16.000000
2014-03-13 14:17:10 Bridge autorange gain is 0
2014-03-13 14:19:46 Bridge overload status is 16.000000
2014-03-13 14:19:46 Bridge autorange gain is 0
2014-03-13 14:20:07 Ramp goal reached. State switched to standby.
2014-03-13 14:20:41 Switching to PID output.
2014-03-13 14:20:42 Pid_setpoint is now 0.994000
2014-03-13 14:20:42 pid_measure_mon is now 0.993849
2014-03-13 14:25:15 Bridge overload status is 8.000000
2014-03-13 14:25:15 Bridge autorange gain is 0
2014-03-13 14:25:15 Switching to manual output until autorange gain finished.
2014-03-13 14:25:16 Manual output is now -1.661000
2014-03-13 14:25:16 Output_mon is now -1.660709
2014-03-13 14:25:19 Switching to PID output.
2014-03-13 14:25:20 Pid_setpoint is now 1.227000
2014-03-13 14:25:20 pid_measure_mon is now 1.227196
2014-03-13 14:28:44 Manual output is now -2.401000
2014-03-13 14:28:44 Output_mon is now -2.401068
2014-03-13 14:33:37 Ramp goal reached. State switched to standby.
